<?xml version="1.0" encoding="UTF-8"?>
<testsuite name="com.kodilla.patterns.singleton.LogerTestSuite" tests="1" skipped="0" failures="0" errors="0" timestamp="2019-03-10T23:09:56" hostname="MacBook-Pro-Jacek.local" time="0.001">
  <properties/>
  <testcase name="testCheckLastLog" classname="com.kodilla.patterns.singleton.LogerTestSuite" time="0.001"/>
  <system-out><![CDATA[Log: [Log Test]
]]></system-out>
  <system-err><![CDATA[]]></system-err>
</testsuite>
